<?xml version="1.0" encoding="UTF-8" ?>
<testsuite tests="31" failures="0" name="br.com.contmatic.empresa.FuncionarioTest" time="0.02" errors="0" skipped="0">
  <properties>
    <property name="java.runtime.name" value="Java(TM) SE Runtime Environment"/>
    <property name="sun.boot.library.path" value="C:\Program Files\Java\jdk1.8.0_191\jre\bin"/>
    <property name="java.vm.version" value="25.191-b12"/>
    <property name="java.vm.vendor" value="Oracle Corporation"/>
    <property name="maven.multiModuleProjectDirectory" value="C:\Users\vinicius.cruz\Documents\workspace-spring-tool-suite-4-4.5.0.RELEASE\empresa-maven"/>
    <property name="java.vendor.url" value="http://java.oracle.com/"/>
    <property name="path.separator" value=";"/>
    <property name="guice.disable.misplaced.annotation.check" value="true"/>
    <property name="java.vm.name" value="Java HotSpot(TM) 64-Bit Server VM"/>
    <property name="file.encoding.pkg" value="sun.io"/>
    <property name="user.script" value=""/>
    <property name="user.country" value="BR"/>
    <property name="sun.java.launcher" value="SUN_STANDARD"/>
    <property name="sun.os.patch.level" value=""/>
    <property name="java.vm.specification.name" value="Java Virtual Machine Specification"/>
    <property name="user.dir" value="C:\Users\vinicius.cruz\Documents\workspace-spring-tool-suite-4-4.5.0.RELEASE\empresa-maven"/>
    <property name="java.runtime.version" value="1.8.0_191-b12"/>
    <property name="java.awt.graphicsenv" value="sun.awt.Win32GraphicsEnvironment"/>
    <property name="java.endorsed.dirs" value="C:\Program Files\Java\jdk1.8.0_191\jre\lib\endorsed"/>
    <property name="os.arch" value="amd64"/>
    <property name="java.io.tmpdir" value="C:\Users\VINICI~1.CRU\AppData\Local\Temp\"/>
    <property name="line.separator" value="
"/>
    <property name="java.vm.specification.vendor" value="Oracle Corporation"/>
    <property name="user.variant" value=""/>
    <property name="os.name" value="Windows 10"/>
    <property name="classworlds.conf" value="C:\Users\vinicius.cruz\Documents\workspace-spring-tool-suite-4-4.5.0.RELEASE\.metadata\.plugins\org.eclipse.m2e.launching\launches\m2conf4754303880540775149.tmp"/>
    <property name="jansi.force" value="true"/>
    <property name="sun.jnu.encoding" value="Cp1252"/>
    <property name="java.library.path" value="C:\Program Files\Java\jdk1.8.0_191\bin;C:\Windows\Sun\Java\bin;C:\Windows\system32;C:\Windows;C:/Program Files/Java/jre1.8.0_191/bin/server;C:/Program Files/Java/jre1.8.0_191/bin;C:/Program Files/Java/jre1.8.0_191/lib/amd64;C:\Program Files (x86)\Common Files\Oracle\Java\javapath;C:\Windows\system32;C:\Windows;C:\Windows\System32\Wbem;C:\Windows\System32\WindowsPowerShell\v1.0\;C:\Program Files\Git\cmd;C:\Users\vinicius.cruz\Downloads\spring-tool-suite-4-4.5.0.RELEASE-e4.14.0-win32.win32.x86_64.self-extracting\contents\sts-4.5.0.RELEASE;;."/>
    <property name="jansi.passthrough" value="true"/>
    <property name="java.specification.name" value="Java Platform API Specification"/>
    <property name="java.class.version" value="52.0"/>
    <property name="sun.management.compiler" value="HotSpot 64-Bit Tiered Compilers"/>
    <property name="os.version" value="10.0"/>
    <property name="user.home" value="C:\Users\vinicius.cruz"/>
    <property name="user.timezone" value="GMT-03:00"/>
    <property name="java.awt.printerjob" value="sun.awt.windows.WPrinterJob"/>
    <property name="java.specification.version" value="1.8"/>
    <property name="file.encoding" value="UTF-8"/>
    <property name="user.name" value="vinicius.cruz"/>
    <property name="java.class.path" value="C:\Users\vinicius.cruz\Downloads\spring-tool-suite-4-4.5.0.RELEASE-e4.14.0-win32.win32.x86_64.self-extracting\contents\sts-4.5.0.RELEASE\plugins\org.eclipse.m2e.maven.runtime_1.14.0.20191209-1923\jars\plexus-classworlds-2.6.0.jar"/>
    <property name="java.vm.specification.version" value="1.8"/>
    <property name="sun.arch.data.model" value="64"/>
    <property name="java.home" value="C:\Program Files\Java\jdk1.8.0_191\jre"/>
    <property name="sun.java.command" value="org.codehaus.plexus.classworlds.launcher.Launcher -B install -Dstyle.color=always"/>
    <property name="java.specification.vendor" value="Oracle Corporation"/>
    <property name="user.language" value="pt"/>
    <property name="awt.toolkit" value="sun.awt.windows.WToolkit"/>
    <property name="java.vm.info" value="mixed mode"/>
    <property name="java.version" value="1.8.0_191"/>
    <property name="java.ext.dirs" value="C:\Program Files\Java\jdk1.8.0_191\jre\lib\ext;C:\Windows\Sun\Java\lib\ext"/>
    <property name="sun.boot.class.path" value="C:\Program Files\Java\jdk1.8.0_191\jre\lib\resources.jar;C:\Program Files\Java\jdk1.8.0_191\jre\lib\rt.jar;C:\Program Files\Java\jdk1.8.0_191\jre\lib\sunrsasign.jar;C:\Program Files\Java\jdk1.8.0_191\jre\lib\jsse.jar;C:\Program Files\Java\jdk1.8.0_191\jre\lib\jce.jar;C:\Program Files\Java\jdk1.8.0_191\jre\lib\charsets.jar;C:\Program Files\Java\jdk1.8.0_191\jre\lib\jfr.jar;C:\Program Files\Java\jdk1.8.0_191\jre\classes"/>
    <property name="java.vendor" value="Oracle Corporation"/>
    <property name="maven.home" value="C:\Users\vinicius.cruz\Documents\workspace-spring-tool-suite-4-4.5.0.RELEASE\empresa-maven\EMBEDDED"/>
    <property name="style.color" value="always"/>
    <property name="file.separator" value="\"/>
    <property name="java.vendor.url.bug" value="http://bugreport.sun.com/bugreport/"/>
    <property name="sun.cpu.endian" value="little"/>
    <property name="sun.io.unicode.encoding" value="UnicodeLittle"/>
    <property name="sun.desktop" value="windows"/>
    <property name="sun.cpu.isalist" value="amd64"/>
  </properties>
  <testcase classname="br.com.contmatic.empresa.FuncionarioTest" name="deve_existir_funcionario_para_demitir" time="0.006"/>
  <testcase classname="br.com.contmatic.empresa.FuncionarioTest" name="deve_ser_do_rh_e_nao_pode_ser_null_para_demitir" time="0"/>
  <testcase classname="br.com.contmatic.empresa.FuncionarioTest" name="deve_ser_do_rh_para_contratar" time="0"/>
  <testcase classname="br.com.contmatic.empresa.FuncionarioTest" name="deve_ser_do_rh_para_contratar_e_nao_deve_ter_loja_null_exception" time="0"/>
  <testcase classname="br.com.contmatic.empresa.FuncionarioTest" name="deve_ser_do_rh_para_contratar_e_nao_pode_ter_salario_negativo_exception" time="0"/>
  <testcase classname="br.com.contmatic.empresa.FuncionarioTest" name="deve_ser_do_rh_para_contratar_e_nao_pode_ter_salario_null_exception" time="0"/>
  <testcase classname="br.com.contmatic.empresa.FuncionarioTest" name="deve_ser_do_rh_para_contratar_e_nao_pode_ter_tipoContrato_null_exception" time="0.001"/>
  <testcase classname="br.com.contmatic.empresa.FuncionarioTest" name="deve_ser_do_rh_para_contratar_expection" time="0"/>
  <testcase classname="br.com.contmatic.empresa.FuncionarioTest" name="deve_ser_do_rh_para_demitir" time="0.001"/>
  <testcase classname="br.com.contmatic.empresa.FuncionarioTest" name="deve_ser_do_rh_para_demitir_3" time="0"/>
  <testcase classname="br.com.contmatic.empresa.FuncionarioTest" name="deve_ser_do_rh_para_demitir_e_deve_possuir_mesmo_dados_de_funcionario_cadastrado" time="0.001"/>
  <testcase classname="br.com.contmatic.empresa.FuncionarioTest" name="deve_ser_repositor_e_nao_deve_ter_produto_na_lista" time="0.001"/>
  <testcase classname="br.com.contmatic.empresa.FuncionarioTest" name="deve_ser_repositor_para_atualizar_estoque_produto" time="0.001"/>
  <testcase classname="br.com.contmatic.empresa.FuncionarioTest" name="deve_ser_repositor_para_atualizar_estoque_produto_e_condicao_deve_ser_3" time="0"/>
  <testcase classname="br.com.contmatic.empresa.FuncionarioTest" name="deve_ser_repositor_para_atualizar_estoque_produto_exception" time="0.001"/>
  <testcase classname="br.com.contmatic.empresa.FuncionarioTest" name="deve_ser_repositor_para_atualizar_nome_produto" time="0.001"/>
  <testcase classname="br.com.contmatic.empresa.FuncionarioTest" name="deve_ser_repositor_para_atualizar_nome_produto_e_condicao_deve_ser_1" time="0"/>
  <testcase classname="br.com.contmatic.empresa.FuncionarioTest" name="deve_ser_repositor_para_atualizar_nome_produto_exception" time="0"/>
  <testcase classname="br.com.contmatic.empresa.FuncionarioTest" name="deve_ser_repositor_para_atualizar_preco_produto" time="0.001"/>
  <testcase classname="br.com.contmatic.empresa.FuncionarioTest" name="deve_ser_repositor_para_atualizar_preco_produto_e_condicao_deve_ser_2" time="0"/>
  <testcase classname="br.com.contmatic.empresa.FuncionarioTest" name="deve_ser_repositor_para_atualizar_preco_produto_exception" time="0.001"/>
  <testcase classname="br.com.contmatic.empresa.FuncionarioTest" name="deve_ser_repositor_para_atualizar_tudo_produto" time="0"/>
  <testcase classname="br.com.contmatic.empresa.FuncionarioTest" name="deve_ser_repositor_para_atualizar_tudo_produto_e_condicao_deve_ser_4" time="0.001"/>
  <testcase classname="br.com.contmatic.empresa.FuncionarioTest" name="deve_ser_repositor_para_atualizar_tudo_produto_exception" time="0"/>
  <testcase classname="br.com.contmatic.empresa.FuncionarioTest" name="deve_ser_repositor_para_cadastrar_produto" time="0.002"/>
  <testcase classname="br.com.contmatic.empresa.FuncionarioTest" name="deve_ser_repositor_para_cadastrar_produto_1" time="0"/>
  <testcase classname="br.com.contmatic.empresa.FuncionarioTest" name="deve_ter_salario_maior_do_que_zero" time="0"/>
  <testcase classname="br.com.contmatic.empresa.FuncionarioTest" name="nao_deve_existir_funcionarios_iguais" time="0.001"/>
  <testcase classname="br.com.contmatic.empresa.FuncionarioTest" name="nao_deve_existir_funcionarios_iguais_2" time="0"/>
  <testcase classname="br.com.contmatic.empresa.FuncionarioTest" name="nao_deve_existir_funcionarios_iguais_3" time="0.001"/>
  <testcase classname="br.com.contmatic.empresa.FuncionarioTest" name="nao_deve_existir_na_loja_funcionario_para_contratar" time="0"/>
</testsuite>