<?xml version="1.0" encoding="UTF-8" ?>
<testsuite tests="35" failures="0" name="br.com.contmatic.empresa.ClienteTest" time="0.352" errors="0" skipped="0">
  <properties>
    <property name="java.runtime.name" value="OpenJDK Runtime Environment"/>
    <property name="sun.boot.library.path" value="C:\Java - jdk\zulu8.46.0.19-ca-fx-jdk8.0.252-win_i686\jre\bin"/>
    <property name="java.vm.version" value="25.252-b14"/>
    <property name="jdk.vendor.version" value="Zulu 8.46.0.19-CA-win32"/>
    <property name="java.vm.vendor" value="Azul Systems, Inc."/>
    <property name="maven.multiModuleProjectDirectory" value="C:\Users\vinicius.cruz\Documents\Prova estagio\EmpresaMaven"/>
    <property name="java.vendor.url" value="http://www.azulsystems.com/"/>
    <property name="path.separator" value=";"/>
    <property name="guice.disable.misplaced.annotation.check" value="true"/>
    <property name="java.vm.name" value="OpenJDK Client VM"/>
    <property name="file.encoding.pkg" value="sun.io"/>
    <property name="user.script" value=""/>
    <property name="user.country" value="BR"/>
    <property name="sun.java.launcher" value="SUN_STANDARD"/>
    <property name="sun.os.patch.level" value=""/>
    <property name="java.vm.specification.name" value="Java Virtual Machine Specification"/>
    <property name="user.dir" value="C:\Users\vinicius.cruz\Documents\Prova estagio\EmpresaMaven"/>
    <property name="java.runtime.version" value="1.8.0_252-b14"/>
    <property name="java.awt.graphicsenv" value="sun.awt.Win32GraphicsEnvironment"/>
    <property name="java.endorsed.dirs" value="C:\Java - jdk\zulu8.46.0.19-ca-fx-jdk8.0.252-win_i686\jre\lib\endorsed"/>
    <property name="os.arch" value="x86"/>
    <property name="java.io.tmpdir" value="C:\Users\VINICI~1.CRU\AppData\Local\Temp\"/>
    <property name="line.separator" value="
"/>
    <property name="java.vm.specification.vendor" value="Oracle Corporation"/>
    <property name="user.variant" value=""/>
    <property name="os.name" value="Windows 10"/>
    <property name="classworlds.conf" value="C:\Users\vinicius.cruz\Documents\WORKSPACE PROVA\.metadata\.plugins\org.eclipse.m2e.launching\launches\m2conf13588439626581644180.tmp"/>
    <property name="sun.jnu.encoding" value="Cp1252"/>
    <property name="java.library.path" value="C:\Java - jdk\zulu8.46.0.19-ca-fx-jdk8.0.252-win_i686\bin;C:\Windows\Sun\Java\bin;C:\Windows\system32;C:\Windows;C:/Users/vinicius.cruz/.p2/pool/plugins/org.eclipse.justj.openjdk.hotspot.jre.full.win32.x86_64_14.0.2.v20200815-0932/jre/bin/server;C:/Users/vinicius.cruz/.p2/pool/plugins/org.eclipse.justj.openjdk.hotspot.jre.full.win32.x86_64_14.0.2.v20200815-0932/jre/bin;C:\Program Files (x86)\Common Files\Oracle\Java\javapath;%JDK8X64%\bin;C:\Python38\Scripts\;C:\Python38\;C:\Windows\system32;C:\Windows;C:\Windows\System32\Wbem;C:\Windows\System32\WindowsPowerShell\v1.0\;C:\Program Files\Git\cmd;C:\vini\nvm;C:\Program Files\nodejs;C:\ProgramData\chocolatey\bin;C:\Program Files\TortoiseSVN\bin;%RANDOOP_JAR%;C:\Program Files\nodejs\;C:\Python38\Scripts\;C:\Python38\;C:\Program Files (x86)\Common Files\Oracle\Java\javapath;C:\Windows\system32;C:\Windows;C:\Windows\System32\Wbem;C:\Windows\System32\WindowsPowerShell\v1.0\;C:\Program Files\Git\cmd;C:\vini\nvm;C:\Program Files\nodejs;C:\ProgramData\chocolatey\bin;C:\Users\vinicius.cruz\AppData\Local\Programs\Microsoft VS Code\bin;C:\vini\nvm;C:\Program Files\nodejs;C:\Users\vinicius.cruz\AppData\Local\GitHubDesktop\bin;C:\Program Files\MongoDB\Server\3.6\bin;\bin;\bin;C:\Program Files (x86)\Inno Setup 6;C:\Program Files\TortoiseSVN\bin;C:\apache-maven-3.6.3\bin;C:\vini\nvm\bin;C:\Java - jdk\zulu8.46.0.19-ca-fx-jdk8.0.252-win_x64\bin;C:\Program Files\PostgreSQL\9.6\bin;C:\Users\vinicius.cruz\AppData\Roaming\npm;C:\Users\vinicius.cruz\eclipse\jee-2020-092\eclipse;;."/>
    <property name="java.specification.name" value="Java Platform API Specification"/>
    <property name="java.class.version" value="52.0"/>
    <property name="sun.management.compiler" value="HotSpot Client Compiler"/>
    <property name="os.version" value="10.0"/>
    <property name="user.home" value="C:\Users\vinicius.cruz"/>
    <property name="user.timezone" value="GMT-03:00"/>
    <property name="java.awt.printerjob" value="sun.awt.windows.WPrinterJob"/>
    <property name="java.specification.version" value="1.8"/>
    <property name="file.encoding" value="UTF-8"/>
    <property name="user.name" value="vinicius.cruz"/>
    <property name="java.class.path" value="C:\Users\vinicius.cruz\.p2\pool\plugins\org.eclipse.m2e.maven.runtime_1.16.0.20200610-1735\jars\plexus-classworlds-2.6.0.jar"/>
    <property name="java.vm.specification.version" value="1.8"/>
    <property name="sun.arch.data.model" value="32"/>
    <property name="java.home" value="C:\Java - jdk\zulu8.46.0.19-ca-fx-jdk8.0.252-win_i686\jre"/>
    <property name="sun.java.command" value="org.codehaus.plexus.classworlds.launcher.Launcher -B install"/>
    <property name="java.specification.vendor" value="Oracle Corporation"/>
    <property name="user.language" value="pt"/>
    <property name="awt.toolkit" value="sun.awt.windows.WToolkit"/>
    <property name="java.vm.info" value="mixed mode"/>
    <property name="java.version" value="1.8.0_252"/>
    <property name="java.ext.dirs" value="C:\Java - jdk\zulu8.46.0.19-ca-fx-jdk8.0.252-win_i686\jre\lib\ext;C:\Windows\Sun\Java\lib\ext"/>
    <property name="sun.boot.class.path" value="C:\Java - jdk\zulu8.46.0.19-ca-fx-jdk8.0.252-win_i686\jre\lib\resources.jar;C:\Java - jdk\zulu8.46.0.19-ca-fx-jdk8.0.252-win_i686\jre\lib\rt.jar;C:\Java - jdk\zulu8.46.0.19-ca-fx-jdk8.0.252-win_i686\jre\lib\sunrsasign.jar;C:\Java - jdk\zulu8.46.0.19-ca-fx-jdk8.0.252-win_i686\jre\lib\jsse.jar;C:\Java - jdk\zulu8.46.0.19-ca-fx-jdk8.0.252-win_i686\jre\lib\jce.jar;C:\Java - jdk\zulu8.46.0.19-ca-fx-jdk8.0.252-win_i686\jre\lib\charsets.jar;C:\Java - jdk\zulu8.46.0.19-ca-fx-jdk8.0.252-win_i686\jre\lib\jfr.jar;C:\Java - jdk\zulu8.46.0.19-ca-fx-jdk8.0.252-win_i686\jre\classes"/>
    <property name="java.vendor" value="Azul Systems, Inc."/>
    <property name="maven.home" value="C:\Users\vinicius.cruz\Documents\Prova estagio\EmpresaMaven\EMBEDDED"/>
    <property name="file.separator" value="\"/>
    <property name="java.vendor.url.bug" value="http://www.azulsystems.com/support/"/>
    <property name="sun.cpu.endian" value="little"/>
    <property name="sun.io.unicode.encoding" value="UnicodeLittle"/>
    <property name="sun.desktop" value="windows"/>
    <property name="sun.cpu.isalist" value="pentium_pro+mmx pentium_pro pentium+mmx pentium i486 i386 i86"/>
  </properties>
  <testcase classname="br.com.contmatic.empresa.ClienteTest" name="deve_aceitar_cpf_valido" time="0.011"/>
  <testcase classname="br.com.contmatic.empresa.ClienteTest" name="deve_aceitar_email_valido" time="0.001"/>
  <testcase classname="br.com.contmatic.empresa.ClienteTest" name="deve_aceitar_nome_valido" time="0"/>
  <testcase classname="br.com.contmatic.empresa.ClienteTest" name="deve_apenas_aceitar_nome_com_mais_3_caracteres" time="0"/>
  <testcase classname="br.com.contmatic.empresa.ClienteTest" name="deve_apenas_aceitar_nome_com_menos_30_caracteres" time="0"/>
  <testcase classname="br.com.contmatic.empresa.ClienteTest" name="deve_retornar_true_no_equals_para_serem_iguais" time="0.333"/>
  <testcase classname="br.com.contmatic.empresa.ClienteTest" name="deve_settar_data_cadastro" time="0"/>
  <testcase classname="br.com.contmatic.empresa.ClienteTest" name="deve_settar_data_nascimento" time="0.001"/>
  <testcase classname="br.com.contmatic.empresa.ClienteTest" name="nao_deve_aceitar_cpf_com_espaco_em_branco" time="0"/>
  <testcase classname="br.com.contmatic.empresa.ClienteTest" name="nao_deve_aceitar_cpf_com_espaco_entre_numeros" time="0"/>
  <testcase classname="br.com.contmatic.empresa.ClienteTest" name="nao_deve_aceitar_cpf_com_letras" time="0.001"/>
  <testcase classname="br.com.contmatic.empresa.ClienteTest" name="nao_deve_aceitar_cpf_com_letras_e_numeros_juntos" time="0"/>
  <testcase classname="br.com.contmatic.empresa.ClienteTest" name="nao_deve_aceitar_cpf_com_mais_11_numeros" time="0"/>
  <testcase classname="br.com.contmatic.empresa.ClienteTest" name="nao_deve_aceitar_cpf_com_menos_11_numeros" time="0.001"/>
  <testcase classname="br.com.contmatic.empresa.ClienteTest" name="nao_deve_aceitar_cpf_null" time="0"/>
  <testcase classname="br.com.contmatic.empresa.ClienteTest" name="nao_deve_aceitar_cpf_vazio" time="0"/>
  <testcase classname="br.com.contmatic.empresa.ClienteTest" name="nao_deve_aceitar_data_cadastro_antes_de_1998" time="0.001"/>
  <testcase classname="br.com.contmatic.empresa.ClienteTest" name="nao_deve_aceitar_data_cadastro_depois_da_hora_atual" time="0"/>
  <testcase classname="br.com.contmatic.empresa.ClienteTest" name="nao_deve_aceitar_data_cadastro_null" time="0"/>
  <testcase classname="br.com.contmatic.empresa.ClienteTest" name="nao_deve_aceitar_data_de_nascimento_antes_de_1920" time="0"/>
  <testcase classname="br.com.contmatic.empresa.ClienteTest" name="nao_deve_aceitar_data_nascimento_depois_da_hora_atual" time="0"/>
  <testcase classname="br.com.contmatic.empresa.ClienteTest" name="nao_deve_aceitar_data_nascimento_null" time="0.001"/>
  <testcase classname="br.com.contmatic.empresa.ClienteTest" name="nao_deve_aceitar_email_com_caracteres_especiais" time="0"/>
  <testcase classname="br.com.contmatic.empresa.ClienteTest" name="nao_deve_aceitar_email_com_espaco_entre_palavras" time="0"/>
  <testcase classname="br.com.contmatic.empresa.ClienteTest" name="nao_deve_aceitar_email_null" time="0"/>
  <testcase classname="br.com.contmatic.empresa.ClienteTest" name="nao_deve_aceitar_email_sem_arroba" time="0.001"/>
  <testcase classname="br.com.contmatic.empresa.ClienteTest" name="nao_deve_aceitar_email_sem_ponto" time="0"/>
  <testcase classname="br.com.contmatic.empresa.ClienteTest" name="nao_deve_aceitar_email_vazio" time="0"/>
  <testcase classname="br.com.contmatic.empresa.ClienteTest" name="nao_deve_aceitar_email_vazio_empty" time="0"/>
  <testcase classname="br.com.contmatic.empresa.ClienteTest" name="nao_deve_aceitar_endereco_null" time="0"/>
  <testcase classname="br.com.contmatic.empresa.ClienteTest" name="nao_deve_aceitar_nome_com_caracteres_especiais" time="0.001"/>
  <testcase classname="br.com.contmatic.empresa.ClienteTest" name="nao_deve_aceitar_nome_com_numero" time="0"/>
  <testcase classname="br.com.contmatic.empresa.ClienteTest" name="nao_deve_aceitar_nome_empty" time="0"/>
  <testcase classname="br.com.contmatic.empresa.ClienteTest" name="nao_deve_aceitar_nome_null" time="0"/>
  <testcase classname="br.com.contmatic.empresa.ClienteTest" name="nao_deve_aceitar_nome_vazio" time="0"/>
</testsuite>