<?xml version="1.0" encoding="UTF-8" ?>
<testsuite tests="32" failures="0" name="br.com.contmatic.empresa.FuncionarioTest" time="3.486" errors="0" skipped="0">
  <properties>
    <property name="java.runtime.name" value="Java(TM) SE Runtime Environment"/>
    <property name="sun.boot.library.path" value="C:\Program Files\Java\jdk1.8.0_251\jre\bin"/>
    <property name="java.vm.version" value="25.251-b08"/>
    <property name="java.vm.vendor" value="Oracle Corporation"/>
    <property name="maven.multiModuleProjectDirectory" value="C:\Users\vinic\OneDrive\Área de Trabalho\Estagio\EmpresaMaven"/>
    <property name="java.vendor.url" value="http://java.oracle.com/"/>
    <property name="path.separator" value=";"/>
    <property name="guice.disable.misplaced.annotation.check" value="true"/>
    <property name="java.vm.name" value="Java HotSpot(TM) 64-Bit Server VM"/>
    <property name="file.encoding.pkg" value="sun.io"/>
    <property name="user.script" value=""/>
    <property name="user.country" value="BR"/>
    <property name="sun.java.launcher" value="SUN_STANDARD"/>
    <property name="sun.os.patch.level" value=""/>
    <property name="java.vm.specification.name" value="Java Virtual Machine Specification"/>
    <property name="user.dir" value="C:\Users\vinic\OneDrive\Área de Trabalho\Estagio\EmpresaMaven"/>
    <property name="java.runtime.version" value="1.8.0_251-b08"/>
    <property name="java.awt.graphicsenv" value="sun.awt.Win32GraphicsEnvironment"/>
    <property name="java.endorsed.dirs" value="C:\Program Files\Java\jdk1.8.0_251\jre\lib\endorsed"/>
    <property name="os.arch" value="amd64"/>
    <property name="java.io.tmpdir" value="C:\Users\vinic\AppData\Local\Temp\"/>
    <property name="line.separator" value="
"/>
    <property name="java.vm.specification.vendor" value="Oracle Corporation"/>
    <property name="user.variant" value=""/>
    <property name="os.name" value="Windows 10"/>
    <property name="classworlds.conf" value="C:\Users\vinic\Documents\workspace-spring-tool-suite-4-4.6.2.RELEASE\.metadata\.plugins\org.eclipse.m2e.launching\launches\m2conf5247724711832187531.tmp"/>
    <property name="jansi.force" value="true"/>
    <property name="sun.jnu.encoding" value="Cp1252"/>
    <property name="java.library.path" value="C:\Program Files\Java\jdk1.8.0_251\bin;C:\WINDOWS\Sun\Java\bin;C:\WINDOWS\system32;C:\WINDOWS;C:/Program Files/Java/jre1.8.0_251/bin/server;C:/Program Files/Java/jre1.8.0_251/bin;C:/Program Files/Java/jre1.8.0_251/lib/amd64;C:\Program Files (x86)\Common Files\Oracle\Java\javapath;C:\WINDOWS\system32;C:\WINDOWS;C:\WINDOWS\System32\Wbem;C:\WINDOWS\System32\WindowsPowerShell\v1.0\;C:\WINDOWS\System32\OpenSSH\;C:\Program Files\NVIDIA Corporation\NVIDIA NvDLISR;C:\Program Files (x86)\NVIDIA Corporation\PhysX\Common;C:\Program Files\Java\jdk1.8.0_251\bin;C:\Program Files\Git\cmd;C:\Program Files\MongoDB\Server\4.2\bin;C:\Users\vinic\AppData\Local\Microsoft\WindowsApps;C:\Users\vinic\AppData\Local\GitHubDesktop\bin;C:\Users\vinic\AppData\Local\Programs\Microsoft VS Code\bin;C:\Users\vinic\Downloads\spring-tool-suite-4-4.6.2.RELEASE-e4.15.0-win32.win32.x86_64.self-extracting\contents\sts-4.6.2.RELEASE;;."/>
    <property name="jansi.passthrough" value="true"/>
    <property name="java.specification.name" value="Java Platform API Specification"/>
    <property name="java.class.version" value="52.0"/>
    <property name="sun.management.compiler" value="HotSpot 64-Bit Tiered Compilers"/>
    <property name="os.version" value="10.0"/>
    <property name="user.home" value="C:\Users\vinic"/>
    <property name="user.timezone" value="America/Sao_Paulo"/>
    <property name="java.awt.printerjob" value="sun.awt.windows.WPrinterJob"/>
    <property name="java.specification.version" value="1.8"/>
    <property name="file.encoding" value="UTF-8"/>
    <property name="user.name" value="vinic"/>
    <property name="java.class.path" value="C:\Users\vinic\Downloads\spring-tool-suite-4-4.6.2.RELEASE-e4.15.0-win32.win32.x86_64.self-extracting\contents\sts-4.6.2.RELEASE\plugins\org.eclipse.m2e.maven.runtime_1.15.0.20200310-1832\jars\plexus-classworlds-2.6.0.jar"/>
    <property name="java.vm.specification.version" value="1.8"/>
    <property name="sun.arch.data.model" value="64"/>
    <property name="java.home" value="C:\Program Files\Java\jdk1.8.0_251\jre"/>
    <property name="sun.java.command" value="org.codehaus.plexus.classworlds.launcher.Launcher -B install -Dstyle.color=always"/>
    <property name="java.specification.vendor" value="Oracle Corporation"/>
    <property name="user.language" value="pt"/>
    <property name="awt.toolkit" value="sun.awt.windows.WToolkit"/>
    <property name="java.vm.info" value="mixed mode"/>
    <property name="java.version" value="1.8.0_251"/>
    <property name="java.ext.dirs" value="C:\Program Files\Java\jdk1.8.0_251\jre\lib\ext;C:\WINDOWS\Sun\Java\lib\ext"/>
    <property name="sun.boot.class.path" value="C:\Program Files\Java\jdk1.8.0_251\jre\lib\resources.jar;C:\Program Files\Java\jdk1.8.0_251\jre\lib\rt.jar;C:\Program Files\Java\jdk1.8.0_251\jre\lib\sunrsasign.jar;C:\Program Files\Java\jdk1.8.0_251\jre\lib\jsse.jar;C:\Program Files\Java\jdk1.8.0_251\jre\lib\jce.jar;C:\Program Files\Java\jdk1.8.0_251\jre\lib\charsets.jar;C:\Program Files\Java\jdk1.8.0_251\jre\lib\jfr.jar;C:\Program Files\Java\jdk1.8.0_251\jre\classes"/>
    <property name="java.vendor" value="Oracle Corporation"/>
    <property name="maven.home" value="C:\Users\vinic\OneDrive\Área de Trabalho\Estagio\EmpresaMaven\EMBEDDED"/>
    <property name="style.color" value="always"/>
    <property name="file.separator" value="\"/>
    <property name="java.vendor.url.bug" value="http://bugreport.sun.com/bugreport/"/>
    <property name="sun.cpu.endian" value="little"/>
    <property name="sun.io.unicode.encoding" value="UnicodeLittle"/>
    <property name="sun.desktop" value="windows"/>
    <property name="sun.cpu.isalist" value="amd64"/>
  </properties>
  <testcase classname="br.com.contmatic.empresa.FuncionarioTest" name="deve_add_telefone_na_lista_telefones" time="0.001"/>
  <testcase classname="br.com.contmatic.empresa.FuncionarioTest" name="deve_alterar_cargo_para_repositor" time="0"/>
  <testcase classname="br.com.contmatic.empresa.FuncionarioTest" name="deve_alterar_cargo_para_rh" time="0"/>
  <testcase classname="br.com.contmatic.empresa.FuncionarioTest" name="deve_alterar_email" time="0.001"/>
  <testcase classname="br.com.contmatic.empresa.FuncionarioTest" name="deve_alterar_tipoContrato_para_clt" time="0.001"/>
  <testcase classname="br.com.contmatic.empresa.FuncionarioTest" name="deve_alterar_tipoContrato_para_pj" time="0"/>
  <testcase classname="br.com.contmatic.empresa.FuncionarioTest" name="deve_mudar_endereco" time="0.162"/>
  <testcase classname="br.com.contmatic.empresa.FuncionarioTest" name="deve_mudar_nome_funcionario" time="0"/>
  <testcase classname="br.com.contmatic.empresa.FuncionarioTest" name="deve_retornar_true_caso_cpf_esteja_espaco_em_branco" time="0.367"/>
  <testcase classname="br.com.contmatic.empresa.FuncionarioTest" name="deve_retornar_true_caso_cpf_esteja_vazio" time="0.202"/>
  <testcase classname="br.com.contmatic.empresa.FuncionarioTest" name="deve_retornar_true_caso_cpf_seja_null" time="0.191"/>
  <testcase classname="br.com.contmatic.empresa.FuncionarioTest" name="deve_retornar_true_caso_cpf_seja_possua_caracteres_especiais" time="0.138"/>
  <testcase classname="br.com.contmatic.empresa.FuncionarioTest" name="deve_retornar_true_caso_email_esteja_com_caracteres_especiais" time="0.133"/>
  <testcase classname="br.com.contmatic.empresa.FuncionarioTest" name="deve_retornar_true_caso_email_esteja_com_espaco_em_branco" time="0.137"/>
  <testcase classname="br.com.contmatic.empresa.FuncionarioTest" name="deve_retornar_true_caso_email_esteja_com_espaco_em_branco_entre_o_email" time="0.193"/>
  <testcase classname="br.com.contmatic.empresa.FuncionarioTest" name="deve_retornar_true_caso_email_esteja_com_menos_10_caracteres" time="0.164"/>
  <testcase classname="br.com.contmatic.empresa.FuncionarioTest" name="deve_retornar_true_caso_email_esteja_sem_arroba" time="0.13"/>
  <testcase classname="br.com.contmatic.empresa.FuncionarioTest" name="deve_retornar_true_caso_email_esteja_sem_ponto_com" time="0.114"/>
  <testcase classname="br.com.contmatic.empresa.FuncionarioTest" name="deve_retornar_true_caso_email_seja_null" time="0.117"/>
  <testcase classname="br.com.contmatic.empresa.FuncionarioTest" name="deve_retornar_true_caso_email_seja_vazio" time="0.122"/>
  <testcase classname="br.com.contmatic.empresa.FuncionarioTest" name="deve_retornar_true_caso_endereco_seja_null" time="0.072"/>
  <testcase classname="br.com.contmatic.empresa.FuncionarioTest" name="deve_retornar_true_caso_nome_esteja_com_espaco_em_branco" time="0.115"/>
  <testcase classname="br.com.contmatic.empresa.FuncionarioTest" name="deve_retornar_true_caso_nome_seja_null" time="0.122"/>
  <testcase classname="br.com.contmatic.empresa.FuncionarioTest" name="deve_retornar_true_caso_nome_seja_possua_menos_3_caracter" time="0.095"/>
  <testcase classname="br.com.contmatic.empresa.FuncionarioTest" name="deve_retornar_true_caso_nome_seja_vazio" time="0.1"/>
  <testcase classname="br.com.contmatic.empresa.FuncionarioTest" name="deve_retornar_true_caso_salario_seja_menor_do_que_1000" time="0.11"/>
  <testcase classname="br.com.contmatic.empresa.FuncionarioTest" name="deve_retornar_true_caso_salario_seja_null" time="0.109"/>
  <testcase classname="br.com.contmatic.empresa.FuncionarioTest" name="deve_retornar_true_caso_telefone_seja_null" time="0.011"/>
  <testcase classname="br.com.contmatic.empresa.FuncionarioTest" name="deve_retornar_true_no_equals_para_serem_iguais" time="0.235"/>
  <testcase classname="br.com.contmatic.empresa.FuncionarioTest" name="deve_retornar_true_se_cargo_for_null" time="0.106"/>
  <testcase classname="br.com.contmatic.empresa.FuncionarioTest" name="deve_retornar_true_se_dataNascimento_for_null" time="0.097"/>
  <testcase classname="br.com.contmatic.empresa.FuncionarioTest" name="deve_retornar_true_se_tipoContrato_for_null" time="0.141"/>
</testsuite>